Compiling the CXX compiler identification source file "CMakeCXXCompilerId.cpp" failed.
Compiler: CMAKE_CXX_COMPILER-NOTFOUND 
Build flags: 
Id flags:  

The output was:
No such file or directory


Compiling the CXX compiler identification source file "CMakeCXXCompilerId.cpp" failed.
Compiler: CMAKE_CXX_COMPILER-NOTFOUND 
Build flags: 
Id flags: -c 

The output was:
No such file or directory


Compiling the CXX compiler identification source file "CMakeCXXCompilerId.cpp" failed.
Compiler: CMAKE_CXX_COMPILER-NOTFOUND 
Build flags: 
Id flags: --c++ 

The output was:
No such file or directory


Compiling the CXX compiler identification source file "CMakeCXXCompilerId.cpp" failed.
Compiler: CMAKE_CXX_COMPILER-NOTFOUND 
Build flags: 
Id flags: --ec++ 

The output was:
No such file or directory


Compiling the CXX compiler identification source file "CMakeCXXCompilerId.cpp" failed.
Compiler: CMAKE_CXX_COMPILER-NOTFOUND 
Build flags: 
Id flags:  

The output was:
No such file or directory


Compiling the CXX compiler identification source file "CMakeCXXCompilerId.cpp" failed.
Compiler: CMAKE_CXX_COMPILER-NOTFOUND 
Build flags: 
Id flags: -c 

The output was:
No such file or directory


Compiling the CXX compiler identification source file "CMakeCXXCompilerId.cpp" failed.
Compiler: CMAKE_CXX_COMPILER-NOTFOUND 
Build flags: 
Id flags: --c++ 

The output was:
No such file or directory


Compiling the CXX compiler identification source file "CMakeCXXCompilerId.cpp" failed.
Compiler: CMAKE_CXX_COMPILER-NOTFOUND 
Build flags: 
Id flags: --ec++ 

The output was:
No such file or directory


Compiling the CXX compiler identification source file "CMakeCXXCompilerId.cpp" failed.
Compiler: /usr/bin/gcc 
Build flags: 
Id flags:  

The output was:
1
gcc: error trying to exec 'cc1plus': execvp: No such file or directory


Compiling the CXX compiler identification source file "CMakeCXXCompilerId.cpp" failed.
Compiler: /usr/bin/gcc 
Build flags: 
Id flags: -c 

The output was:
1
gcc: error trying to exec 'cc1plus': execvp: No such file or directory


Compiling the CXX compiler identification source file "CMakeCXXCompilerId.cpp" failed.
Compiler: /usr/bin/gcc 
Build flags: 
Id flags: --c++ 

The output was:
1
gcc: error: unrecognized command line option ‘--c++’


Compiling the CXX compiler identification source file "CMakeCXXCompilerId.cpp" failed.
Compiler: /usr/bin/gcc 
Build flags: 
Id flags: --ec++ 

The output was:
1
gcc: error: unrecognized command line option ‘--ec++’; did you mean ‘-Weffc++’?


Compiling the CXX compiler identification source file "CMakeCXXCompilerId.cpp" failed.
Compiler: /usr/bin/gcc 
Build flags: 
Id flags:  

The output was:
1
gcc: error trying to exec 'cc1plus': execvp: No such file or directory


Compiling the CXX compiler identification source file "CMakeCXXCompilerId.cpp" failed.
Compiler: /usr/bin/gcc 
Build flags: 
Id flags: -c 

The output was:
1
gcc: error trying to exec 'cc1plus': execvp: No such file or directory


Compiling the CXX compiler identification source file "CMakeCXXCompilerId.cpp" failed.
Compiler: /usr/bin/gcc 
Build flags: 
Id flags: --c++ 

The output was:
1
gcc: error: unrecognized command line option ‘--c++’


Compiling the CXX compiler identification source file "CMakeCXXCompilerId.cpp" failed.
Compiler: /usr/bin/gcc 
Build flags: 
Id flags: --ec++ 

The output was:
1
gcc: error: unrecognized command line option ‘--ec++’; did you mean ‘-Weffc++’?


Checking whether the CXX compiler is IAR using "" did not match "IAR .+ Compiler":
gcc: fatal error: no input files
compilation terminated.
Checking whether the CXX compiler is IAR using "" did not match "IAR .+ Compiler":
gcc: fatal error: no input files
compilation terminated.
Determining if the CXX compiler works failed with the following output:
Change Dir: /home/dev1/workspace/Genetic/CMakeFiles/CMakeTmp

Run Build Command:"/usr/bin/make" "cmTC_c145c/fast"
/usr/bin/make -f CMakeFiles/cmTC_c145c.dir/build.make CMakeFiles/cmTC_c145c.dir/build
make[1]: Entering directory '/home/dev1/workspace/Genetic/CMakeFiles/CMakeTmp'
Building CXX object CMakeFiles/cmTC_c145c.dir/testCXXCompiler.cxx.o
/usr/bin/gcc     -o CMakeFiles/cmTC_c145c.dir/testCXXCompiler.cxx.o -c /home/dev1/workspace/Genetic/CMakeFiles/CMakeTmp/testCXXCompiler.cxx
gcc: error trying to exec 'cc1plus': execvp: No such file or directory
CMakeFiles/cmTC_c145c.dir/build.make:65: recipe for target 'CMakeFiles/cmTC_c145c.dir/testCXXCompiler.cxx.o' failed
make[1]: *** [CMakeFiles/cmTC_c145c.dir/testCXXCompiler.cxx.o] Error 1
make[1]: Leaving directory '/home/dev1/workspace/Genetic/CMakeFiles/CMakeTmp'
Makefile:126: recipe for target 'cmTC_c145c/fast' failed
make: *** [cmTC_c145c/fast] Error 2


Compiling the CXX compiler identification source file "CMakeCXXCompilerId.cpp" failed.
Compiler: /usr/bin/gcc 
Build flags: 
Id flags:  

The output was:
1
gcc: error trying to exec 'cc1plus': execvp: No such file or directory


Compiling the CXX compiler identification source file "CMakeCXXCompilerId.cpp" failed.
Compiler: /usr/bin/gcc 
Build flags: 
Id flags: -c 

The output was:
1
gcc: error trying to exec 'cc1plus': execvp: No such file or directory


Compiling the CXX compiler identification source file "CMakeCXXCompilerId.cpp" failed.
Compiler: /usr/bin/gcc 
Build flags: 
Id flags: --c++ 

The output was:
1
gcc: error: unrecognized command line option ‘--c++’


Compiling the CXX compiler identification source file "CMakeCXXCompilerId.cpp" failed.
Compiler: /usr/bin/gcc 
Build flags: 
Id flags: --ec++ 

The output was:
1
gcc: error: unrecognized command line option ‘--ec++’; did you mean ‘-Weffc++’?


Compiling the CXX compiler identification source file "CMakeCXXCompilerId.cpp" failed.
Compiler: /usr/bin/gcc 
Build flags: 
Id flags:  

The output was:
1
gcc: error trying to exec 'cc1plus': execvp: No such file or directory


Compiling the CXX compiler identification source file "CMakeCXXCompilerId.cpp" failed.
Compiler: /usr/bin/gcc 
Build flags: 
Id flags: -c 

The output was:
1
gcc: error trying to exec 'cc1plus': execvp: No such file or directory


Compiling the CXX compiler identification source file "CMakeCXXCompilerId.cpp" failed.
Compiler: /usr/bin/gcc 
Build flags: 
Id flags: --c++ 

The output was:
1
gcc: error: unrecognized command line option ‘--c++’


Compiling the CXX compiler identification source file "CMakeCXXCompilerId.cpp" failed.
Compiler: /usr/bin/gcc 
Build flags: 
Id flags: --ec++ 

The output was:
1
gcc: error: unrecognized command line option ‘--ec++’; did you mean ‘-Weffc++’?


Checking whether the CXX compiler is IAR using "" did not match "IAR .+ Compiler":
gcc: fatal error: no input files
compilation terminated.
Checking whether the CXX compiler is IAR using "" did not match "IAR .+ Compiler":
gcc: fatal error: no input files
compilation terminated.
Determining if the CXX compiler works failed with the following output:
Change Dir: /home/dev1/workspace/Genetic/CMakeFiles/CMakeTmp

Run Build Command:"/usr/bin/make" "cmTC_fb82e/fast"
/usr/bin/make -f CMakeFiles/cmTC_fb82e.dir/build.make CMakeFiles/cmTC_fb82e.dir/build
make[1]: Entering directory '/home/dev1/workspace/Genetic/CMakeFiles/CMakeTmp'
Building CXX object CMakeFiles/cmTC_fb82e.dir/testCXXCompiler.cxx.o
/usr/bin/gcc     -o CMakeFiles/cmTC_fb82e.dir/testCXXCompiler.cxx.o -c /home/dev1/workspace/Genetic/CMakeFiles/CMakeTmp/testCXXCompiler.cxx
gcc: error trying to exec 'cc1plus': execvp: No such file or directory
CMakeFiles/cmTC_fb82e.dir/build.make:65: recipe for target 'CMakeFiles/cmTC_fb82e.dir/testCXXCompiler.cxx.o' failed
make[1]: *** [CMakeFiles/cmTC_fb82e.dir/testCXXCompiler.cxx.o] Error 1
make[1]: Leaving directory '/home/dev1/workspace/Genetic/CMakeFiles/CMakeTmp'
Makefile:126: recipe for target 'cmTC_fb82e/fast' failed
make: *** [cmTC_fb82e/fast] Error 2


Compiling the CXX compiler identification source file "CMakeCXXCompilerId.cpp" failed.
Compiler: /usr/bin/gcc 
Build flags: 
Id flags:  

The output was:
1
gcc: error trying to exec 'cc1plus': execvp: No such file or directory


Compiling the CXX compiler identification source file "CMakeCXXCompilerId.cpp" failed.
Compiler: /usr/bin/gcc 
Build flags: 
Id flags: -c 

The output was:
1
gcc: error trying to exec 'cc1plus': execvp: No such file or directory


Compiling the CXX compiler identification source file "CMakeCXXCompilerId.cpp" failed.
Compiler: /usr/bin/gcc 
Build flags: 
Id flags: --c++ 

The output was:
1
gcc: error: unrecognized command line option ‘--c++’


Compiling the CXX compiler identification source file "CMakeCXXCompilerId.cpp" failed.
Compiler: /usr/bin/gcc 
Build flags: 
Id flags: --ec++ 

The output was:
1
gcc: error: unrecognized command line option ‘--ec++’; did you mean ‘-Weffc++’?


Compiling the CXX compiler identification source file "CMakeCXXCompilerId.cpp" failed.
Compiler: /usr/bin/gcc 
Build flags: 
Id flags:  

The output was:
1
gcc: error trying to exec 'cc1plus': execvp: No such file or directory


Compiling the CXX compiler identification source file "CMakeCXXCompilerId.cpp" failed.
Compiler: /usr/bin/gcc 
Build flags: 
Id flags: -c 

The output was:
1
gcc: error trying to exec 'cc1plus': execvp: No such file or directory


Compiling the CXX compiler identification source file "CMakeCXXCompilerId.cpp" failed.
Compiler: /usr/bin/gcc 
Build flags: 
Id flags: --c++ 

The output was:
1
gcc: error: unrecognized command line option ‘--c++’


Compiling the CXX compiler identification source file "CMakeCXXCompilerId.cpp" failed.
Compiler: /usr/bin/gcc 
Build flags: 
Id flags: --ec++ 

The output was:
1
gcc: error: unrecognized command line option ‘--ec++’; did you mean ‘-Weffc++’?


Checking whether the CXX compiler is IAR using "" did not match "IAR .+ Compiler":
gcc: fatal error: no input files
compilation terminated.
Checking whether the CXX compiler is IAR using "" did not match "IAR .+ Compiler":
gcc: fatal error: no input files
compilation terminated.
Determining if the CXX compiler works failed with the following output:
Change Dir: /home/dev1/workspace/Genetic/CMakeFiles/CMakeTmp

Run Build Command:"/usr/bin/make" "cmTC_784d8/fast"
/usr/bin/make -f CMakeFiles/cmTC_784d8.dir/build.make CMakeFiles/cmTC_784d8.dir/build
make[1]: Entering directory '/home/dev1/workspace/Genetic/CMakeFiles/CMakeTmp'
Building CXX object CMakeFiles/cmTC_784d8.dir/testCXXCompiler.cxx.o
/usr/bin/gcc     -o CMakeFiles/cmTC_784d8.dir/testCXXCompiler.cxx.o -c /home/dev1/workspace/Genetic/CMakeFiles/CMakeTmp/testCXXCompiler.cxx
gcc: error trying to exec 'cc1plus': execvp: No such file or directory
CMakeFiles/cmTC_784d8.dir/build.make:65: recipe for target 'CMakeFiles/cmTC_784d8.dir/testCXXCompiler.cxx.o' failed
make[1]: *** [CMakeFiles/cmTC_784d8.dir/testCXXCompiler.cxx.o] Error 1
make[1]: Leaving directory '/home/dev1/workspace/Genetic/CMakeFiles/CMakeTmp'
Makefile:126: recipe for target 'cmTC_784d8/fast' failed
make: *** [cmTC_784d8/fast] Error 2


Compiling the CXX compiler identification source file "CMakeCXXCompilerId.cpp" failed.
Compiler: /usr/bin/gcc 
Build flags: 
Id flags:  

The output was:
1
gcc: error trying to exec 'cc1plus': execvp: No such file or directory


Compiling the CXX compiler identification source file "CMakeCXXCompilerId.cpp" failed.
Compiler: /usr/bin/gcc 
Build flags: 
Id flags: -c 

The output was:
1
gcc: error trying to exec 'cc1plus': execvp: No such file or directory


Compiling the CXX compiler identification source file "CMakeCXXCompilerId.cpp" failed.
Compiler: /usr/bin/gcc 
Build flags: 
Id flags: --c++ 

The output was:
1
gcc: error: unrecognized command line option ‘--c++’


Compiling the CXX compiler identification source file "CMakeCXXCompilerId.cpp" failed.
Compiler: /usr/bin/gcc 
Build flags: 
Id flags: --ec++ 

The output was:
1
gcc: error: unrecognized command line option ‘--ec++’; did you mean ‘-Weffc++’?


Compiling the CXX compiler identification source file "CMakeCXXCompilerId.cpp" failed.
Compiler: /usr/bin/gcc 
Build flags: 
Id flags:  

The output was:
1
gcc: error trying to exec 'cc1plus': execvp: No such file or directory


Compiling the CXX compiler identification source file "CMakeCXXCompilerId.cpp" failed.
Compiler: /usr/bin/gcc 
Build flags: 
Id flags: -c 

The output was:
1
gcc: error trying to exec 'cc1plus': execvp: No such file or directory


Compiling the CXX compiler identification source file "CMakeCXXCompilerId.cpp" failed.
Compiler: /usr/bin/gcc 
Build flags: 
Id flags: --c++ 

The output was:
1
gcc: error: unrecognized command line option ‘--c++’


Compiling the CXX compiler identification source file "CMakeCXXCompilerId.cpp" failed.
Compiler: /usr/bin/gcc 
Build flags: 
Id flags: --ec++ 

The output was:
1
gcc: error: unrecognized command line option ‘--ec++’; did you mean ‘-Weffc++’?


Checking whether the CXX compiler is IAR using "" did not match "IAR .+ Compiler":
gcc: fatal error: no input files
compilation terminated.
Checking whether the CXX compiler is IAR using "" did not match "IAR .+ Compiler":
gcc: fatal error: no input files
compilation terminated.
Determining if the CXX compiler works failed with the following output:
Change Dir: /home/dev1/workspace/Genetic/CMakeFiles/CMakeTmp

Run Build Command:"/usr/bin/make" "cmTC_7f436/fast"
/usr/bin/make -f CMakeFiles/cmTC_7f436.dir/build.make CMakeFiles/cmTC_7f436.dir/build
make[1]: Entering directory '/home/dev1/workspace/Genetic/CMakeFiles/CMakeTmp'
Building CXX object CMakeFiles/cmTC_7f436.dir/testCXXCompiler.cxx.o
/usr/bin/gcc     -o CMakeFiles/cmTC_7f436.dir/testCXXCompiler.cxx.o -c /home/dev1/workspace/Genetic/CMakeFiles/CMakeTmp/testCXXCompiler.cxx
gcc: error trying to exec 'cc1plus': execvp: No such file or directory
CMakeFiles/cmTC_7f436.dir/build.make:65: recipe for target 'CMakeFiles/cmTC_7f436.dir/testCXXCompiler.cxx.o' failed
make[1]: *** [CMakeFiles/cmTC_7f436.dir/testCXXCompiler.cxx.o] Error 1
make[1]: Leaving directory '/home/dev1/workspace/Genetic/CMakeFiles/CMakeTmp'
Makefile:126: recipe for target 'cmTC_7f436/fast' failed
make: *** [cmTC_7f436/fast] Error 2


Compiling the CXX compiler identification source file "CMakeCXXCompilerId.cpp" failed.
Compiler: /usr/bin/gcc 
Build flags: 
Id flags:  

The output was:
1
gcc: error trying to exec 'cc1plus': execvp: No such file or directory


Compiling the CXX compiler identification source file "CMakeCXXCompilerId.cpp" failed.
Compiler: /usr/bin/gcc 
Build flags: 
Id flags: -c 

The output was:
1
gcc: error trying to exec 'cc1plus': execvp: No such file or directory


Compiling the CXX compiler identification source file "CMakeCXXCompilerId.cpp" failed.
Compiler: /usr/bin/gcc 
Build flags: 
Id flags: --c++ 

The output was:
1
gcc: error: unrecognized command line option ‘--c++’


Compiling the CXX compiler identification source file "CMakeCXXCompilerId.cpp" failed.
Compiler: /usr/bin/gcc 
Build flags: 
Id flags: --ec++ 

The output was:
1
gcc: error: unrecognized command line option ‘--ec++’; did you mean ‘-Weffc++’?


Compiling the CXX compiler identification source file "CMakeCXXCompilerId.cpp" failed.
Compiler: /usr/bin/gcc 
Build flags: 
Id flags:  

The output was:
1
gcc: error trying to exec 'cc1plus': execvp: No such file or directory


Compiling the CXX compiler identification source file "CMakeCXXCompilerId.cpp" failed.
Compiler: /usr/bin/gcc 
Build flags: 
Id flags: -c 

The output was:
1
gcc: error trying to exec 'cc1plus': execvp: No such file or directory


Compiling the CXX compiler identification source file "CMakeCXXCompilerId.cpp" failed.
Compiler: /usr/bin/gcc 
Build flags: 
Id flags: --c++ 

The output was:
1
gcc: error: unrecognized command line option ‘--c++’


Compiling the CXX compiler identification source file "CMakeCXXCompilerId.cpp" failed.
Compiler: /usr/bin/gcc 
Build flags: 
Id flags: --ec++ 

The output was:
1
gcc: error: unrecognized command line option ‘--ec++’; did you mean ‘-Weffc++’?


Checking whether the CXX compiler is IAR using "" did not match "IAR .+ Compiler":
gcc: fatal error: no input files
compilation terminated.
Checking whether the CXX compiler is IAR using "" did not match "IAR .+ Compiler":
gcc: fatal error: no input files
compilation terminated.
Determining if the CXX compiler works failed with the following output:
Change Dir: /home/dev1/workspace/Genetic/CMakeFiles/CMakeTmp

Run Build Command:"/usr/bin/make" "cmTC_5de0a/fast"
/usr/bin/make -f CMakeFiles/cmTC_5de0a.dir/build.make CMakeFiles/cmTC_5de0a.dir/build
make[1]: Entering directory '/home/dev1/workspace/Genetic/CMakeFiles/CMakeTmp'
Building CXX object CMakeFiles/cmTC_5de0a.dir/testCXXCompiler.cxx.o
/usr/bin/gcc     -o CMakeFiles/cmTC_5de0a.dir/testCXXCompiler.cxx.o -c /home/dev1/workspace/Genetic/CMakeFiles/CMakeTmp/testCXXCompiler.cxx
gcc: error trying to exec 'cc1plus': execvp: No such file or directory
CMakeFiles/cmTC_5de0a.dir/build.make:65: recipe for target 'CMakeFiles/cmTC_5de0a.dir/testCXXCompiler.cxx.o' failed
make[1]: *** [CMakeFiles/cmTC_5de0a.dir/testCXXCompiler.cxx.o] Error 1
make[1]: Leaving directory '/home/dev1/workspace/Genetic/CMakeFiles/CMakeTmp'
Makefile:126: recipe for target 'cmTC_5de0a/fast' failed
make: *** [cmTC_5de0a/fast] Error 2


Compiling the CXX compiler identification source file "CMakeCXXCompilerId.cpp" failed.
Compiler: /usr/bin/gcc 
Build flags: 
Id flags:  

The output was:
1
gcc: error trying to exec 'cc1plus': execvp: No such file or directory


Compiling the CXX compiler identification source file "CMakeCXXCompilerId.cpp" failed.
Compiler: /usr/bin/gcc 
Build flags: 
Id flags: -c 

The output was:
1
gcc: error trying to exec 'cc1plus': execvp: No such file or directory


Compiling the CXX compiler identification source file "CMakeCXXCompilerId.cpp" failed.
Compiler: /usr/bin/gcc 
Build flags: 
Id flags: --c++ 

The output was:
1
gcc: error: unrecognized command line option ‘--c++’


Compiling the CXX compiler identification source file "CMakeCXXCompilerId.cpp" failed.
Compiler: /usr/bin/gcc 
Build flags: 
Id flags: --ec++ 

The output was:
1
gcc: error: unrecognized command line option ‘--ec++’; did you mean ‘-Weffc++’?


Compiling the CXX compiler identification source file "CMakeCXXCompilerId.cpp" failed.
Compiler: /usr/bin/gcc 
Build flags: 
Id flags:  

The output was:
1
gcc: error trying to exec 'cc1plus': execvp: No such file or directory


Compiling the CXX compiler identification source file "CMakeCXXCompilerId.cpp" failed.
Compiler: /usr/bin/gcc 
Build flags: 
Id flags: -c 

The output was:
1
gcc: error trying to exec 'cc1plus': execvp: No such file or directory


Compiling the CXX compiler identification source file "CMakeCXXCompilerId.cpp" failed.
Compiler: /usr/bin/gcc 
Build flags: 
Id flags: --c++ 

The output was:
1
gcc: error: unrecognized command line option ‘--c++’


Compiling the CXX compiler identification source file "CMakeCXXCompilerId.cpp" failed.
Compiler: /usr/bin/gcc 
Build flags: 
Id flags: --ec++ 

The output was:
1
gcc: error: unrecognized command line option ‘--ec++’; did you mean ‘-Weffc++’?


Checking whether the CXX compiler is IAR using "" did not match "IAR .+ Compiler":
gcc: fatal error: no input files
compilation terminated.
Checking whether the CXX compiler is IAR using "" did not match "IAR .+ Compiler":
gcc: fatal error: no input files
compilation terminated.
Determining if the CXX compiler works failed with the following output:
Change Dir: /home/dev1/workspace/Genetic/CMakeFiles/CMakeTmp

Run Build Command:"/usr/bin/make" "cmTC_a9f7b/fast"
/usr/bin/make -f CMakeFiles/cmTC_a9f7b.dir/build.make CMakeFiles/cmTC_a9f7b.dir/build
make[1]: Entering directory '/home/dev1/workspace/Genetic/CMakeFiles/CMakeTmp'
Building CXX object CMakeFiles/cmTC_a9f7b.dir/testCXXCompiler.cxx.o
/usr/bin/gcc     -o CMakeFiles/cmTC_a9f7b.dir/testCXXCompiler.cxx.o -c /home/dev1/workspace/Genetic/CMakeFiles/CMakeTmp/testCXXCompiler.cxx
gcc: error trying to exec 'cc1plus': execvp: No such file or directory
CMakeFiles/cmTC_a9f7b.dir/build.make:65: recipe for target 'CMakeFiles/cmTC_a9f7b.dir/testCXXCompiler.cxx.o' failed
make[1]: *** [CMakeFiles/cmTC_a9f7b.dir/testCXXCompiler.cxx.o] Error 1
make[1]: Leaving directory '/home/dev1/workspace/Genetic/CMakeFiles/CMakeTmp'
Makefile:126: recipe for target 'cmTC_a9f7b/fast' failed
make: *** [cmTC_a9f7b/fast] Error 2


Compiling the CXX compiler identification source file "CMakeCXXCompilerId.cpp" failed.
Compiler: /usr/bin/gcc 
Build flags: 
Id flags:  

The output was:
1
gcc: error trying to exec 'cc1plus': execvp: No such file or directory


Compiling the CXX compiler identification source file "CMakeCXXCompilerId.cpp" failed.
Compiler: /usr/bin/gcc 
Build flags: 
Id flags: -c 

The output was:
1
gcc: error trying to exec 'cc1plus': execvp: No such file or directory


Compiling the CXX compiler identification source file "CMakeCXXCompilerId.cpp" failed.
Compiler: /usr/bin/gcc 
Build flags: 
Id flags: --c++ 

The output was:
1
gcc: error: unrecognized command line option ‘--c++’


Compiling the CXX compiler identification source file "CMakeCXXCompilerId.cpp" failed.
Compiler: /usr/bin/gcc 
Build flags: 
Id flags: --ec++ 

The output was:
1
gcc: error: unrecognized command line option ‘--ec++’; did you mean ‘-Weffc++’?


Compiling the CXX compiler identification source file "CMakeCXXCompilerId.cpp" failed.
Compiler: /usr/bin/gcc 
Build flags: 
Id flags:  

The output was:
1
gcc: error trying to exec 'cc1plus': execvp: No such file or directory


Compiling the CXX compiler identification source file "CMakeCXXCompilerId.cpp" failed.
Compiler: /usr/bin/gcc 
Build flags: 
Id flags: -c 

The output was:
1
gcc: error trying to exec 'cc1plus': execvp: No such file or directory


Compiling the CXX compiler identification source file "CMakeCXXCompilerId.cpp" failed.
Compiler: /usr/bin/gcc 
Build flags: 
Id flags: --c++ 

The output was:
1
gcc: error: unrecognized command line option ‘--c++’


Compiling the CXX compiler identification source file "CMakeCXXCompilerId.cpp" failed.
Compiler: /usr/bin/gcc 
Build flags: 
Id flags: --ec++ 

The output was:
1
gcc: error: unrecognized command line option ‘--ec++’; did you mean ‘-Weffc++’?


Checking whether the CXX compiler is IAR using "" did not match "IAR .+ Compiler":
gcc: fatal error: no input files
compilation terminated.
Checking whether the CXX compiler is IAR using "" did not match "IAR .+ Compiler":
gcc: fatal error: no input files
compilation terminated.
Determining if the CXX compiler works failed with the following output:
Change Dir: /home/dev1/workspace/Genetic/CMakeFiles/CMakeTmp

Run Build Command:"/usr/bin/make" "cmTC_387f3/fast"
/usr/bin/make -f CMakeFiles/cmTC_387f3.dir/build.make CMakeFiles/cmTC_387f3.dir/build
make[1]: Entering directory '/home/dev1/workspace/Genetic/CMakeFiles/CMakeTmp'
Building CXX object CMakeFiles/cmTC_387f3.dir/testCXXCompiler.cxx.o
/usr/bin/gcc     -o CMakeFiles/cmTC_387f3.dir/testCXXCompiler.cxx.o -c /home/dev1/workspace/Genetic/CMakeFiles/CMakeTmp/testCXXCompiler.cxx
gcc: error trying to exec 'cc1plus': execvp: No such file or directory
CMakeFiles/cmTC_387f3.dir/build.make:65: recipe for target 'CMakeFiles/cmTC_387f3.dir/testCXXCompiler.cxx.o' failed
make[1]: *** [CMakeFiles/cmTC_387f3.dir/testCXXCompiler.cxx.o] Error 1
make[1]: Leaving directory '/home/dev1/workspace/Genetic/CMakeFiles/CMakeTmp'
Makefile:126: recipe for target 'cmTC_387f3/fast' failed
make: *** [cmTC_387f3/fast] Error 2


